0 info it worked if it ends with ok
1 verbose cli [ '/Users/mathiasjornsen/.nvm/versions/node/v6.10.0/bin/node',
1 verbose cli   '/Users/mathiasjornsen/.nvm/versions/node/v6.10.0/bin/npm',
1 verbose cli   'run-script',
1 verbose cli   'package' ]
2 info using npm@3.10.10
3 info using node@v6.10.0
4 verbose run-script [ 'prepackage', 'package', 'postpackage' ]
5 info lifecycle electron-app@1.0.0~prepackage: electron-app@1.0.0
6 silly lifecycle electron-app@1.0.0~prepackage: no script for prepackage, continuing
7 info lifecycle electron-app@1.0.0~package: electron-app@1.0.0
8 verbose lifecycle electron-app@1.0.0~package: unsafe-perm in lifecycle true
9 verbose lifecycle electron-app@1.0.0~package: PATH: /Users/mathiasjornsen/.nvm/versions/node/v6.10.0/lib/node_modules/npm/bin/node-gyp-bin:/Users/mathiasjornsen/Dropbox/Skole/NTNU/3/Vår/IT2901/MapAnalysis-DIRMIN/application/node_modules/.bin:/Users/mathiasjornsen/.nvm/versions/node/v6.10.0/bin://anaconda/bin:/usr/local/bin:/Library/Frameworks/Python.framework/Versions/2.7/bin:/usr/bin:/bin:/usr/sbin:/sbin:/usr/local/bin:/opt/X11/bin
10 verbose lifecycle electron-app@1.0.0~package: CWD: /Users/mathiasjornsen/Dropbox/Skole/NTNU/3/Vår/IT2901/MapAnalysis-DIRMIN/application
11 silly lifecycle electron-app@1.0.0~package: Args: [ '-c',
11 silly lifecycle   'electron-packager ./ MapScanner --darwin --out C:\\Users\\Simen\\Desktop\\MapScannerApplication --version 0.35.2 --overwrite' ]
12 silly lifecycle electron-app@1.0.0~package: Returned: code: 126  signal: null
13 info lifecycle electron-app@1.0.0~package: Failed to exec package script
14 verbose stack Error: electron-app@1.0.0 package: `electron-packager ./ MapScanner --darwin --out C:\Users\Simen\Desktop\MapScannerApplication --version 0.35.2 --overwrite`
14 verbose stack Exit status 126
14 verbose stack     at EventEmitter.<anonymous> (/Users/mathiasjornsen/.nvm/versions/node/v6.10.0/lib/node_modules/npm/lib/utils/lifecycle.js:255:16)
14 verbose stack     at emitTwo (events.js:106:13)
14 verbose stack     at EventEmitter.emit (events.js:191:7)
14 verbose stack     at ChildProcess.<anonymous> (/Users/mathiasjornsen/.nvm/versions/node/v6.10.0/lib/node_modules/npm/lib/utils/spawn.js:40:14)
14 verbose stack     at emitTwo (events.js:106:13)
14 verbose stack     at ChildProcess.emit (events.js:191:7)
14 verbose stack     at maybeClose (internal/child_process.js:877:16)
14 verbose stack     at Process.ChildProcess._handle.onexit (internal/child_process.js:226:5)
15 verbose pkgid electron-app@1.0.0
16 verbose cwd /Users/mathiasjornsen/Dropbox/Skole/NTNU/3/Vår/IT2901/MapAnalysis-DIRMIN/application
17 error Darwin 15.6.0
18 error argv "/Users/mathiasjornsen/.nvm/versions/node/v6.10.0/bin/node" "/Users/mathiasjornsen/.nvm/versions/node/v6.10.0/bin/npm" "run-script" "package"
19 error node v6.10.0
20 error npm  v3.10.10
21 error code ELIFECYCLE
22 error electron-app@1.0.0 package: `electron-packager ./ MapScanner --darwin --out C:\Users\Simen\Desktop\MapScannerApplication --version 0.35.2 --overwrite`
22 error Exit status 126
23 error Failed at the electron-app@1.0.0 package script 'electron-packager ./ MapScanner --darwin --out C:\Users\Simen\Desktop\MapScannerApplication --version 0.35.2 --overwrite'.
23 error Make sure you have the latest version of node.js and npm installed.
23 error If you do, this is most likely a problem with the electron-app package,
23 error not with npm itself.
23 error Tell the author that this fails on your system:
23 error     electron-packager ./ MapScanner --darwin --out C:\Users\Simen\Desktop\MapScannerApplication --version 0.35.2 --overwrite
23 error You can get information on how to open an issue for this project with:
23 error     npm bugs electron-app
23 error Or if that isn't available, you can get their info via:
23 error     npm owner ls electron-app
23 error There is likely additional logging output above.
24 verbose exit [ 1, true ]
